[-------------------------------------]
[                                     ]
[                                     ]
[ Tuna - WBMS (0.3.0b) - Change Log     ]
[                                     ]
[                                     ]
[-------------------------------------]


[ 18 de fevereiro de 2011             ]

21:36 - [SQL] Excluída a tabela users_groups.
21:36 - [SQL] Criado o campo group_id na tabela users.
21:38 - Alterado o valor da variável $appVersion para '0.3.0b'.
21:41 - Alterado o vínculo do modelo user.php com o group.php, de $hasAndBelongsToMany para $belongsTo.
21:45 - Alterado o campo de retorno da function parentNode no modelo user.php, da constante 1 para $data['User']['group_id'].
21:48 - Alterado o vínculo do modelo group.php com o user.php, de $hasAndBelongsToMany para $hasMany.
21:53 - Alterado o campo 'Groups' da view 'register.php' e 'edit.php' do controller 'Users' para 'group_id'.
21:56 - Incluído o campo 'group_id' nas views 'index.php' e 'view.php' do controller 'Users'.
22:10 - Alterado o campo de retorno da function parentNode no modelo 'user.php', de $data['User']['group_id'] para $this->data['User']['group_id'].
22:26 - Incluído o campo 'entity_ordinary_fone_extension' nas views 'add', 'edit', 'view' no controller 'Entities'.
22:28 - Incluído o campo 'entity_group_id' na view 'view' do controller 'ServiceOrders'.
22:32 - Incluído o campo 'service_order_cancellation_date' na ordenação do controller 'ServiceOrders'.
22:37 - Alterada a ordenação padrão do modelo 'EntityTechnician' para o campo 'entity_technician_name'.
